<?xml version="1.0" encoding="UTF-8"?>
<!-- Generated by org.testng.reporters.JUnitReportReporter -->
<testsuite hostname="DESKTOP-VEMJ6VN" failures="0" tests="1" name="cucumber.TestNGTestRunner" time="12.579" errors="0" timestamp="2024-12-27T14:30:57 IST" skipped="0">
  <testcase classname="cucumber.TestNGTestRunner" name="runScenario" time="12.579"/>
  <system-out/>
</testsuite> <!-- cucumber.TestNGTestRunner -->
